DDI-DrugBank.d252.s0|9-15|BETAGAN|brand
DDI-DrugBank.d252.s0|117-123|BETAGAN|brand
DDI-DrugBank.d252.s2|19-49|beta-adrenergic blocking agents|group
DDI-DrugBank.d252.s4|23-53|beta-adrenergic blocking agents|group
DDI-DrugBank.d449.s1|12-22|fluvoxamine|drug
DDI-DrugBank.d449.s2|12-14|OCs|brand
DDI-DrugBank.d320.s1|86-100|levobupivacaine|drug
DDI-DrugBank.d320.s3|86-100|levobupivacaine|drug
DDI-DrugBank.d320.s3|237-248|ketoconazole|drug
DDI-DrugBank.d320.s6|38-46|verapamil|drug
DDI-DrugBank.d640.s2|26-52|Potassium-Sparing Diuretics|group
DDI-DrugBank.d640.s3|120-133|ACE inhibitors|group
DDI-DrugBank.d640.s6|56-62|lithium|drug
DDI-DrugBank.d640.s6|114-127|ACE inhibitors|group
DDI-DrugBank.d640.s8|40-46|lithium|drug
DDI-DrugBank.d640.s10|107-117|H2 blockers|group
DDI-DrugBank.d640.s10|134-152|hypoglycemic agents|group
DDI-DrugBank.d245.s0|0-22|The hypoglycemic action|drug
DDI-DrugBank.d245.s4|149-162|nicotinic acid|group
DDI-DrugBank.d245.s4|183-212|calcium channel blocking drugs|group
DDI-DrugBank.d245.s9|57-75|hypoglycemic agents|group
DDI-DrugBank.d530.s0|33-47|MAO ) inhibitors|group
DDI-DrugBank.d530.s0|109-121|pargyline HC1|drug
DDI-DrugBank.d530.s1|19-33|L-phenylalanine|brand
DDI-DrugBank.d530.s1|53-66|MAO inhibitors|group
DDI-DrugBank.d530.s2|47-59|MAO inhibitor|group
DDI-DrugBank.d22.s0|0-18|Aminosalicylic acid|group
DDI-DrugBank.d22.s1|53-71|aminosalicylic acid|group
DDI-DrugBank.d22.s2|0-18|Aminosalicylic acid|group
DDI-DrugBank.d22.s2|56-66|vitamin B12|drug
DDI-DrugBank.d22.s3|33-43|vitamin B12|drug
DDI-DrugBank.d22.s3|69-87|aminosalicylic acid|group
DDI-DrugBank.d739.s1|48-55|warfarin|drug
DDI-DrugBank.d739.s1|158-165|warfarin|drug
DDI-DrugBank.d227.s0|126-128|MAC|brand
DDI-DrugBank.d227.s0|207-207|N|brand
DDI-DrugBank.d746.s1|87-108|sympathomimetic amines|group
DDI-DrugBank.d317.s5|20-29|fibrinogen|drug
DDI-DrugBank.d454.s4|74-83|lofexidine|drug
DDI-MedLine.d86.s5|148-151|from|drug
DDI-MedLine.d86.s5|227-230|from|drug
DDI-MedLine.d86.s5|353-356|from|drug
DDI-DrugBank.d107.s6|111-117|VASOTEC|brand
DDI-DrugBank.d107.s7|84-90|VASOTEC|brand
DDI-DrugBank.d107.s8|81-94|ACE inhibitors|group
DDI-DrugBank.d107.s9|66-71|NSAIDs|brand
DDI-DrugBank.d107.s9|92-105|ACE inhibitors|group
DDI-DrugBank.d107.s12|18-22|Serum|brand
DDI-DrugBank.d107.s16|144-157|ACE inhibitors|group
DDI-MedLine.d181.s0|20-32|levothyroxine|drug
DDI-MedLine.d181.s8|112-119|National|brand
DDI-DrugBank.d531.s14|5-8|Name|group
DDI-DrugBank.d531.s16|9-15|Comment|group
DDI-DrugBank.d531.s22|5-8|Name|group
DDI-DrugBank.d531.s24|9-15|Comment|group
DDI-DrugBank.d531.s29|61-67|SUSTIVA|brand
DDI-DrugBank.d531.s30|22-28|SUSTIVA|brand
DDI-DrugBank.d531.s42|19-37|lopinavir/ritonavir|drug
DDI-DrugBank.d531.s47|42-51|withdrawal|drug
DDI-DrugBank.d531.s63|14-18|liver|drug
DDI-DrugBank.d531.s74|41-53|Carbamazepine|group
DDI-DrugBank.d531.s79|80-91|ketoconazole|drug
DDI-DrugBank.d531.s85|42-47|NNRTIs|group
DDI-DrugBank.d531.s90|218-227|famotidine|drug
DDI-DrugBank.d531.s90|230-240|fluconazole|drug
DDI-DrugBank.d531.s90|294-303|zidovudine|drug
DDI-DrugBank.d531.s91|107-116|zidovudine|drug
DDI-DrugBank.d756.s2|63-77|levomepromazine|drug
DDI-DrugBank.d756.s4|65-85|anticholinergic drugs|group
DDI-DrugBank.d756.s4|88-112|tricyclic antidepressants|group
DDI-DrugBank.d756.s5|24-38|levomepromazine|drug
DDI-DrugBank.d756.s7|101-115|levomepromazine|drug
DDI-DrugBank.d756.s9|79-93|levomepromazine|drug
DDI-DrugBank.d756.s11|74-89|leveomepromazine|drug
DDI-DrugBank.d179.s21|83-94|fluphenazine|drug
DDI-DrugBank.d179.s24|2-21|Acetohydroxamic acid|group
DDI-DrugBank.d179.s38|156-167|methotrexate|drug
DDI-DrugBank.d237.s9|96-107|ketoconazole|drug
DDI-DrugBank.d237.s15|0-24|tricyclic antidepressants|group
DDI-DrugBank.d736.s6|72-78|lithium|drug
DDI-DrugBank.d736.s8|50-74|adrenergic blocking drugs|group
DDI-DrugBank.d104.s1|6-25|CNS depressant drugs|group
DDI-MedLine.d159.s1|130-136|Fanconi|brand
DDI-MedLine.d159.s5|76-78|for|drug
DDI-MedLine.d159.s5|123-129|freshly|drug
DDI-MedLine.d159.s5|209-211|ATP|drug
DDI-MedLine.d159.s5|214-221|followed|drug
DDI-DrugBank.d580.s1|9-20|ketoconazole|drug
DDI-MedLine.d59.s3|150-155|kinase|drug
DDI-MedLine.d59.s3|173-178|kinase|drug
DDI-MedLine.d59.s4|0-16|Cytochalasin D at|group
DDI-MedLine.d59.s6|186-190|large|drug
DDI-DrugBank.d253.s0|0-30|Beta-adrenergic blocking agents|group
DDI-DrugBank.d253.s1|0-30|Beta-adrenergic blocking agents|group
DDI-DrugBank.d253.s2|0-20|Antiarrhythmic agents|group
DDI-DrugBank.d253.s3|47-68|anticholinergic agents|group
DDI-DrugBank.d253.s3|139-163|additive inotropic and/or|group
DDI-MedLine.d118.s3|66-71|kidney|drug
DDI-DrugBank.d371.s0|80-87|TAXOTERE|brand
DDI-DrugBank.d371.s1|224-235|ketoconazole|drug
DDI-MedLine.d1.s2|138-144|walking|drug
DDI-MedLine.d1.s6|117-130|ACE inhibitors|group
DDI-MedLine.d1.s8|176-184|lifestyle|drug
DDI-DrugBank.d761.s0|150-153|wine|drug
DDI-DrugBank.d761.s3|12-30|Vitamin Supplements|brand
DDI-DrugBank.d761.s5|44-65|supplemental vitamin D|group
DDI-DrugBank.d761.s5|68-74|vitamin|drug
DDI-DrugBank.d761.s5|105-113|vitamin K|group
DDI-DrugBank.d761.s8|5-18|Contraceptives|group
DDI-DrugBank.d761.s11|251-253|VII|brand
DDI-DrugBank.d761.s12|52-60|vitamin K|group
DDI-DrugBank.d761.s12|125-133|vitamin K|group
DDI-DrugBank.d761.s13|11-33|as vitamin K absorption|group
DDI-DrugBank.d761.s13|102-109|warfarin|drug
DDI-DrugBank.d464.s0|34-52|narcotic analgesics|group
DDI-DrugBank.d464.s0|136-150|CNS depressants|group
DDI-DrugBank.d168.s0|45-59|CNS depressants|group
DDI-DrugBank.d168.s0|195-218|anticholinergic activity|group
DDI-DrugBank.d168.s0|354-368|MAO ) inhibitors|group
DDI-DrugBank.d590.s0|20-25|TRITEC|brand
DDI-DrugBank.d590.s2|170-180|from TRITEC|drug
DDI-DrugBank.d654.s2|114-120|ALTABAX|drug
DDI-DrugBank.d654.s3|40-46|ALTABAX|drug
DDI-MedLine.d73.s1|56-59|MPTP|brand
DDI-MedLine.d73.s5|137-145|Parkinson|brand
DDI-DrugBank.d704.s0|111-142|alpha-adrenergic blocking agents|group
DDI-DrugBank.d704.s1|103-134|alpha-adrenergic blocking agents|group
DDI-DrugBank.d704.s6|74-81|warfarin|drug
DDI-DrugBank.d429.s0|13-18|kaolin|drug
DDI-DrugBank.d429.s0|34-39|kaolin|drug
DDI-DrugBank.d17.s6|62-96|preanesthetic and anesthetic agents|group
DDI-DrugBank.d17.s9|0-13|Amphotericin B|drug
DDI-DrugBank.d17.s11|0-17|Cardiac glycosides|group
DDI-DrugBank.d17.s14|0-3|( May|group
DDI-DrugBank.d17.s25|127-130|loop|drug
DDI-DrugBank.d328.s2|20-29|valdecoxib|drug
DDI-DrugBank.d328.s4|98-99|GI|drug_n
DDI-DrugBank.d328.s6|134-143|valdecoxib|drug
DDI-DrugBank.d328.s7|14-23|Valdecoxib|drug
DDI-DrugBank.d328.s8|87-100|ACE-inhibitors|drug
DDI-DrugBank.d328.s9|92-105|ACE-inhibitors|brand
DDI-DrugBank.d328.s10|130-139|furosemide|drug
DDI-DrugBank.d328.s16|57-62|BEXTRA|brand
DDI-DrugBank.d328.s18|158-167|valdecoxib|drug
DDI-DrugBank.d328.s20|9-18|Valdecoxib|drug
DDI-DrugBank.d328.s21|98-103|BEXTRA|brand
DDI-DrugBank.d328.s23|66-73|warfarin|drug
DDI-DrugBank.d328.s23|145-150|BEXTRA|brand
DDI-DrugBank.d328.s24|78-87|R-warfarin|brand
DDI-DrugBank.d328.s24|207-214|warfarin|drug
DDI-DrugBank.d328.s26|114-119|BEXTRA|brand
DDI-DrugBank.d328.s27|30-41|Ketoconazole|drug
DDI-DrugBank.d328.s28|82-93|ketoconazole|drug
DDI-DrugBank.d328.s29|124-135|ketoconazole|drug
DDI-DrugBank.d328.s43|5-18|Contraceptives|group
DDI-DrugBank.d328.s43|21-30|Valdecoxib|drug
DDI-DrugBank.d328.s43|171-181|Ortho-Novum|brand
DDI-DrugBank.d339.s4|22-27|SUPRAX|brand
DDI-DrugBank.d153.s0|22-26|local|drug
DDI-DrugBank.d163.s0|42-49|Accutane|drug
DDI-DrugBank.d163.s0|54-62|vitamin A|drug_n
DDI-DrugBank.d163.s2|42-49|Accutane|brand
DDI-DrugBank.d163.s2|218-222|which|drug
DDI-DrugBank.d163.s7|88-95|Accutane|brand
DDI-DrugBank.d163.s8|167-171|which|drug
DDI-DrugBank.d163.s21|103-105|St.|brand
DDI-DrugBank.d163.s23|81-93|qualification|group
DDI-DrugBank.d163.s24|150-157|Accutane|drug
DDI-DrugBank.d163.s34|42-46|liver|drug
DDI-MedLine.d132.s2|177-181|fewer|drug
DDI-MedLine.d132.s9|118-129|NNRTI-na ve|group
DDI-MedLine.d132.s11|20-25|NNRTIs|brand
DDI-MedLine.d132.s12|36-41|NNRTIs|brand
DDI-DrugBank.d172.s7|122-135|ACE inhibitors|group
DDI-DrugBank.d172.s8|84-95|ketoconazole|drug
DDI-DrugBank.d172.s9|88-98|Angiotensin|drug
DDI-DrugBank.d172.s10|94-107|ACE-inhibitors|brand
DDI-DrugBank.d172.s11|130-139|furosemide|drug
DDI-DrugBank.d172.s14|96-97|GI|drug_n
DDI-DrugBank.d172.s16|43-53|fluconazole|drug
DDI-DrugBank.d172.s22|66-73|warfarin|drug
DDI-DrugBank.d172.s22|153-160|warfarin|drug
DDI-DrugBank.d172.s23|71-78|warfarin|drug
DDI-DrugBank.d357.s0|224-226|for|drug
DDI-DrugBank.d357.s3|231-236|APOKYN|drug
DDI-DrugBank.d357.s5|37-43|Caution|group
DDI-MedLine.d164.s0|99-115|cell surface HER2|drug
DDI-DrugBank.d635.s0|19-57|beta adrenergic aerosol bronchodilators|group
DDI-DrugBank.d635.s0|97-102|MAXAIR|brand
DDI-DrugBank.d8.s0|156-170|CNS depressants|group
DDI-DrugBank.d8.s3|219-225|ALFENTA|brand
DDI-DrugBank.d8.s4|36-42|ALFENTA|drug
DDI-DrugBank.d8.s5|109-115|ALFENTA|drug
DDI-DrugBank.d223.s5|47-49|TCA|brand
DDI-DrugBank.d223.s6|96-104|quinidine|drug
DDI-DrugBank.d223.s8|95-104|fluoxetine|drug
DDI-DrugBank.d223.s10|63-66|TCAs|brand
DDI-DrugBank.d223.s16|42-50|quinidine|drug
DDI-DrugBank.d223.s19|0-13|MAO Inhibitors|group
DDI-DrugBank.d223.s19|123-136|MAO inhibitors|group
DDI-DrugBank.d223.s20|11-24|MAO inhibitors|group
DDI-DrugBank.d223.s21|71-89|MAO inhibitor being|group
DDI-DrugBank.d546.s0|23-35|Beta-Blockers|brand
DDI-DrugBank.d546.s0|57-66|fenoldopam|drug
DDI-DrugBank.d546.s3|119-132|ACE inhibitors|group
DDI-MedLine.d43.s7|65-69|liver|drug
DDI-MedLine.d43.s7|133-137|which|drug
DDI-MedLine.d43.s11|81-85|which|drug
DDI-DrugBank.d41.s0|208-218|leflunomide|drug
DDI-DrugBank.d41.s3|39-43|ARAVA|drug
DDI-DrugBank.d41.s4|90-100|leflunomide|drug
DDI-DrugBank.d41.s6|93-103|leflunomide|drug
DDI-DrugBank.d41.s9|107-120|diclofenac and|drug
DDI-DrugBank.d41.s11|48-53|NSAIDs|brand
DDI-DrugBank.d41.s14|67-71|ARAVA|drug
DDI-DrugBank.d41.s15|148-152|ARAVA|brand
DDI-DrugBank.d549.s3|107-130|calcium channel blockers|group
DDI-DrugBank.d549.s5|0-19|Acetylsalicylic acid|group
DDI-MedLine.d29.s3|165-168|five|drug
DDI-MedLine.d29.s5|24-30|Gibaldi|drug_n
DDI-MedLine.d29.s7|27-32|kidney|drug
DDI-DrugBank.d141.s0|25-35|Fibric Acid|group
DDI-DrugBank.d141.s0|50-55|Niacin|brand
DDI-DrugBank.d141.s0|58-71|Nicotinic Acid|group
DDI-DrugBank.d141.s5|230-233|less|drug
DDI-DrugBank.d141.s9|32-39|warfarin|drug
DDI-DrugBank.d141.s9|149-151|VII|brand
DDI-DrugBank.d141.s9|191-198|warfarin|drug
DDI-DrugBank.d141.s10|38-47|S ) isomers|group
DDI-DrugBank.d141.s10|52-59|warfarin|drug
DDI-DrugBank.d141.s11|21-28|warfarin|drug
DDI-DrugBank.d639.s0|21-26|SUTENT|brand
DDI-DrugBank.d639.s0|79-90|ketoconazole|drug
DDI-DrugBank.d639.s0|208-219|voriconizole|drug
DDI-DrugBank.d639.s1|54-59|SUTENT|brand
DDI-DrugBank.d639.s2|21-26|SUTENT|brand
DDI-DrugBank.d639.s5|19-24|SUTENT|brand
DDI-DrugBank.d776.s2|235-238|Oral|brand
DDI-DrugBank.d776.s2|344-362|hypoglycemic agents|group
DDI-DrugBank.d776.s5|74-92|hypoglycemic agents|group
DDI-DrugBank.d776.s21|36-46|fluconazole|drug
DDI-DrugBank.d776.s22|51-61|fluconazole|drug
DDI-DrugBank.d776.s23|20-30|fluconazole|drug
DDI-DrugBank.d776.s24|24-34|fluconazole|drug
DDI-DrugBank.d776.s27|20-30|fluconazole|drug
DDI-DrugBank.d776.s28|23-33|fluconazole|drug
DDI-DrugBank.d776.s35|74-84|fluconazole|drug
DDI-DrugBank.d776.s36|88-98|fluconazole|drug
DDI-DrugBank.d30.s1|73-80|losartan|drug
DDI-DrugBank.d30.s3|46-53|losartan|drug
DDI-DrugBank.d30.s3|116-123|losartan|drug
DDI-DrugBank.d30.s5|55-62|losartan|drug
DDI-DrugBank.d30.s7|42-49|losartan|drug
DDI-DrugBank.d30.s9|70-77|losartan|drug
DDI-DrugBank.d630.s1|207-235|carbonic anhydrase inhibitors|group
DDI-MedLine.d100.s0|63-78|arachidonic acid|group
DDI-MedLine.d100.s1|51-66|arachidonic acid|group
DDI-MedLine.d100.s3|11-26|arachidonic acid|group
DDI-MedLine.d100.s4|60-63|free|drug
DDI-MedLine.d100.s8|59-74|arachidonic acid|group
DDI-DrugBank.d197.s4|81-88|PRECEDEX|brand
DDI-DrugBank.d308.s0|154-165|NON-NARCOTIC|brand
DDI-DrugBank.d308.s3|65-84|CNS depressant drugs|group
DDI-DrugBank.d171.s0|130-142|warfarin-type|drug
DDI-DrugBank.d171.s7|97-99|low|drug
DDI-DrugBank.d171.s8|63-74|ketoconazole|drug
DDI-DrugBank.d171.s10|100-106|Tagamet|brand
DDI-DrugBank.d766.s1|168-179|ketoconazole|drug
DDI-DrugBank.d766.s3|90-101|ketoconazole|drug
DDI-MedLine.d23.s0|15-22|ketamine|drug
DDI-MedLine.d23.s0|31-37|Innovar|brand
DDI-MedLine.d23.s1|65-72|ketamine|drug
DDI-MedLine.d23.s1|83-85|Vet|brand
DDI-MedLine.d23.s1|227-234|ketamine|drug
DDI-MedLine.d23.s2|111-117|Innovar|brand
DDI-MedLine.d23.s2|120-127|ketamine|drug
DDI-MedLine.d23.s2|176-182|fentayl|drug
DDI-DrugBank.d395.s6|134-142|quinolone|group
DDI-DrugBank.d395.s16|33-36|zinc|drug
DDI-DrugBank.d395.s16|132-140|quinolone|group
DDI-DrugBank.d395.s23|68-77|R-warfarin|brand
DDI-DrugBank.d186.s0|66-70|fever|drug
DDI-DrugBank.d186.s1|81-87|lithium|drug
DDI-DrugBank.d186.s3|14-33|antipsychotic agents|group
DDI-DrugBank.d186.s4|192-196|Scale|brand
DDI-DrugBank.d744.s0|83-101|hypoglycemic agents|group
DDI-DrugBank.d269.s1|114-123|fluoxetine|drug
DDI-DrugBank.d269.s18|16-28|Hypoglycemics|group
DDI-DrugBank.d525.s0|107-114|warfarin|drug
DDI-DrugBank.d525.s2|149-160|ketoconazole|drug
DDI-DrugBank.d359.s1|44-54|PEGANONE is|group
DDI-DrugBank.d359.s1|87-95|Phenurone|brand
DDI-DrugBank.d81.s11|193-200|warfarin|drug
DDI-DrugBank.d81.s14|109-126|a beta blocker and|group
DDI-DrugBank.d124.s1|63-70|INVIRASE|drug
DDI-DrugBank.d124.s9|68-75|INVIRASE|drug
DDI-DrugBank.d124.s12|45-62|INVIRASE/Ritonavir|drug
DDI-DrugBank.d124.s13|17-20|Name|brand
DDI-DrugBank.d124.s13|31-37|Comment|group
DDI-DrugBank.d124.s14|39-48|flecainide|drug
DDI-DrugBank.d124.s14|64-72|quinidine|drug
DDI-DrugBank.d124.s15|111-129|cardiac arrhythmias|group
DDI-DrugBank.d124.s19|50-67|INVIRASE/ritonavir|brand
DDI-DrugBank.d124.s26|122-145|calcium channel blockers|group
DDI-DrugBank.d124.s26|171-177|quinine|drug
DDI-DrugBank.d124.s26|192-200|quinidine|drug
DDI-DrugBank.d124.s26|283-290|fentanyl|drug
DDI-DrugBank.d124.s28|0-16|Since INVIRASE is|group
DDI-DrugBank.d219.s0|87-100|ACE-inhibitors|drug
DDI-DrugBank.d219.s1|66-71|NSAIDs|brand
DDI-DrugBank.d219.s1|92-105|ACE-inhibitors|brand
DDI-DrugBank.d219.s2|107-112|Lodine|brand
DDI-DrugBank.d219.s4|14-19|Lodine|brand
DDI-DrugBank.d219.s4|109-112|free|drug
DDI-DrugBank.d219.s6|23-28|NSAIDs|group
DDI-DrugBank.d219.s6|61-66|Lodine|brand
DDI-DrugBank.d219.s7|55-60|NSAIDs|group
DDI-DrugBank.d219.s9|45-50|Lodine|brand
DDI-DrugBank.d219.s9|66-70|NSAID|group
DDI-DrugBank.d219.s11|130-139|furosemide|drug
DDI-DrugBank.d219.s13|32-37|NSAIDs|brand
DDI-DrugBank.d219.s18|112-118|lithium|drug
DDI-DrugBank.d219.s22|25-32|warfarin|drug
DDI-DrugBank.d219.s23|88-95|warfarin|drug
DDI-DrugBank.d219.s23|179-186|warfarin|drug
DDI-DrugBank.d219.s23|233-236|free|drug
DDI-DrugBank.d219.s24|69-76|warfarin|drug
DDI-DrugBank.d219.s24|128-133|Lodine|brand
DDI-DrugBank.d219.s28|143-148|Lodine|brand
DDI-MedLine.d179.s0|114-117|EGFR|brand
DDI-MedLine.d179.s3|22-25|EGFR|brand
DDI-MedLine.d179.s10|98-101|EGFR|brand
DDI-DrugBank.d489.s1|136-143|warfarin|drug
DDI-DrugBank.d489.s5|89-119|beta-adrenergic blocking agents|group
DDI-DrugBank.d489.s6|116-146|beta-adrenergic blocking agents|group
DDI-DrugBank.d489.s8|8-19|Anaphylactic|drug
DDI-MedLine.d138.s0|126-134|lactating|drug
DDI-MedLine.d138.s3|129-133|water|drug
DDI-DrugBank.d737.s5|72-88|organic acids via|group
DDI-DrugBank.d737.s6|226-234|verapamil|drug
DDI-DrugBank.d737.s6|237-245|quinidine|drug
DDI-DrugBank.d737.s6|252-258|quinine|drug
DDI-DrugBank.d737.s10|231-237|MIRAPEX|brand
DDI-DrugBank.d632.s0|150-171|anticholinergic agents|group
DDI-DrugBank.d632.s4|114-119|SYMLIN|brand
DDI-DrugBank.d632.s5|74-79|SYMLIN|brand
DDI-DrugBank.d632.s5|105-123|antidiabetic agents|group
DDI-DrugBank.d632.s6|7-12|SYMLIN|brand
DDI-DrugBank.d632.s6|60-65|SYMLIN|brand
DDI-DrugBank.d632.s6|105-107|NPH|brand
DDI-DrugBank.d97.s7|17-20|Name|brand
DDI-DrugBank.d97.s7|31-37|Comment|group
DDI-DrugBank.d97.s29|5-8|Name|group
DDI-DrugBank.d97.s31|9-15|Comment|group
DDI-DrugBank.d97.s32|4-19|Antiviral Agents|group
DDI-DrugBank.d97.s57|52-60|quinidine|drug
DDI-DrugBank.d97.s58|0-20|antiarrhythmic agents|group
DDI-DrugBank.d97.s60|47-55|phenytoin|drug
DDI-DrugBank.d97.s64|49-58|felodipine|drug
DDI-DrugBank.d97.s72|78-105|HMG-CoA reductase inhibitors|group
DDI-DrugBank.d97.s72|174-184|fluvastatin|drug
DDI-DrugBank.d287.s0|66-92|beta adrenergic antagonists|group
DDI-DrugBank.d509.s8|26-37|ketoconazole|drug
DDI-DrugBank.d509.s8|55-63|quinidine|drug
DDI-DrugBank.d509.s8|66-75|fluoxetine|drug
DDI-DrugBank.d509.s9|34-45|ketoconazole|drug
DDI-DrugBank.d509.s11|35-46|ketoconazole|drug
DDI-DrugBank.d509.s23|36-45|famotidine|drug
DDI-DrugBank.d509.s23|48-56|valproate|drug
DDI-MedLine.d193.s1|83-85|for|drug
DDI-MedLine.d65.s1|184-199|life-endangering|drug
DDI-MedLine.d65.s5|10-18|knowledge|drug
DDI-DrugBank.d318.s0|70-83|amphotericin B|drug
DDI-DrugBank.d318.s0|86-106|Antineoplastic agents|group
DDI-DrugBank.d318.s1|0-20|Antineoplastic agents|group
DDI-DrugBank.d318.s3|66-79|amphotericin B|drug
DDI-DrugBank.d318.s5|22-43|amphotericin B-induced|drug
DDI-DrugBank.d318.s7|51-64|amphotericin B|drug
DDI-DrugBank.d318.s7|130-140|flucytosine|drug
DDI-DrugBank.d318.s8|19-30|ketoconazole|drug
DDI-DrugBank.d318.s8|59-69|fluconazole|drug
DDI-DrugBank.d318.s8|131-144|amphotericin B|drug
DDI-DrugBank.d318.s12|27-48|amphotericin B-induced|drug
DDI-MedLine.d62.s6|69-76|arc gene|group
DDI-DrugBank.d497.s2|39-67|carbonic anhydrase inhibitors|group
DDI-MedLine.d180.s1|40-61|S-adenosylhomocysteine|brand
DDI-MedLine.d180.s6|82-90|line H929|drug
DDI-MedLine.d180.s7|22-26|ALOX5|drug
DDI-MedLine.d180.s8|32-36|ALOX5|drug
DDI-MedLine.d180.s10|43-62|in DZNep insensitive|group
DDI-MedLine.d180.s10|195-214|DZNep insensitive MM|group
DDI-MedLine.d180.s12|13-31|DZNep insensitivity|group
DDI-MedLine.d180.s12|76-80|Bcl-2|brand
DDI-MedLine.d180.s12|106-112|ABT-737|drug
DDI-MedLine.d180.s13|82-83|MM|brand
DDI-DrugBank.d110.s0|22-26|local|drug
DDI-DrugBank.d110.s0|142-166|tricyclic antidepressants|group
DDI-DrugBank.d346.s1|70-74|REVIA|brand
DDI-DrugBank.d346.s2|46-50|REVIA|brand
DDI-DrugBank.d346.s3|62-66|REVIA|brand
DDI-DrugBank.d185.s0|65-70|ACZONE|drug
DDI-DrugBank.d185.s1|45-47|TMP|brand
DDI-DrugBank.d185.s2|109-115|TMP/SMX|brand
DDI-DrugBank.d185.s3|118-124|TMP/SMX|brand
DDI-DrugBank.d185.s6|29-38|folic acid|drug
DDI-MedLine.d47.s0|12-27|buforin II alone|group
DDI-MedLine.d47.s1|46-61|buforin II alone|group
DDI-DrugBank.d78.s0|28-34|Cations|group
DDI-DrugBank.d78.s1|178-181|zinc|drug
DDI-DrugBank.d78.s10|22-31|quinolones|group
DDI-DrugBank.d78.s10|78-85|warfarin|drug
DDI-DrugBank.d78.s20|0-18|Antidiabetic Agents|group
DDI-DrugBank.d78.s20|170-187|antidiabetic agent|group
DDI-DrugBank.d433.s1|104-108|Rebif|brand
DDI-DrugBank.d73.s1|22-29|TENORMIN|brand
DDI-DrugBank.d73.s2|74-81|TENORMIN|brand
DDI-DrugBank.d241.s2|41-46|FLOLAN|brand
DDI-DrugBank.d715.s0|30-49|administering DEMSER|group
DDI-DrugBank.d715.s1|47-61|CNS depressants|group
DDI-MedLine.d185.s0|10-30|ketoconazole-mediated|drug
DDI-MedLine.d185.s2|61-72|ketoconazole|drug
DDI-MedLine.d185.s3|60-67|followed|drug
DDI-MedLine.d185.s4|13-24|ketoconazole|drug
DDI-MedLine.d185.s5|62-73|ketoconazole|drug
DDI-MedLine.d185.s7|19-30|ketoconazole|drug
